0 info it worked if it ends with ok
1 verbose cli [ '/usr/bin/node', '/bin/npm', 'install', '-g', 'grunt' ]
2 info using npm@2.1.8
3 info using node@v0.10.33
4 silly cache add args [ 'grunt', null ]
5 verbose cache add spec grunt
6 silly cache add parsed spec { raw: 'grunt',
6 silly cache add   scope: null,
6 silly cache add   name: 'grunt',
6 silly cache add   rawSpec: '',
6 silly cache add   spec: '*',
6 silly cache add   type: 'range' }
7 verbose addNamed grunt@*
8 silly addNamed semver.valid null
9 silly addNamed semver.validRange *
10 silly addNameRange { name: 'grunt', range: '*', hasData: false }
11 silly mapToRegistry name grunt
12 silly mapToRegistry using default registry
13 silly mapToRegistry registry https://registry.npmjs.org/
14 silly mapToRegistry uri https://registry.npmjs.org/grunt
15 verbose addNameRange registry:https://registry.npmjs.org/grunt not in flight; fetching
16 verbose request uri https://registry.npmjs.org/grunt
17 verbose request no auth needed
18 info attempt registry request try #1 at 00:37:46
19 verbose request id 3b78b4749dc75b65
20 http request GET https://registry.npmjs.org/grunt
21 http 200 https://registry.npmjs.org/grunt
22 silly get cb [ 200,
22 silly get   { date: 'Fri, 14 Nov 2014 00:37:47 GMT',
22 silly get     server: 'CouchDB/1.5.0 (Erlang OTP/R16B03)',
22 silly get     etag: '"9EMRBV5R02J0RKTGQ4XJZED0P"',
22 silly get     'content-type': 'application/json',
22 silly get     'cache-control': 'max-age=60',
22 silly get     'content-length': '87345',
22 silly get     'accept-ranges': 'bytes',
22 silly get     via: '1.1 varnish',
22 silly get     age: '0',
22 silly get     'x-served-by': 'cache-ord1728-ORD',
22 silly get     'x-cache': 'HIT',
22 silly get     'x-cache-hits': '1',
22 silly get     'x-timer': 'S1415925467.878075,VS0,VE29',
22 silly get     vary: 'Accept',
22 silly get     'keep-alive': 'timeout=10, max=50',
22 silly get     connection: 'Keep-Alive' } ]
23 silly addNameRange number 2 { name: 'grunt', range: '*', hasData: true }
24 silly addNameRange versions [ 'grunt',
24 silly addNameRange   [ '0.1.0',
24 silly addNameRange     '0.1.1',
24 silly addNameRange     '0.1.2',
24 silly addNameRange     '0.2.0',
24 silly addNameRange     '0.2.1',
24 silly addNameRange     '0.2.2',
24 silly addNameRange     '0.2.3',
24 silly addNameRange     '0.2.4',
24 silly addNameRange     '0.2.5',
24 silly addNameRange     '0.2.6',
24 silly addNameRange     '0.2.7',
24 silly addNameRange     '0.2.8',
24 silly addNameRange     '0.2.9',
24 silly addNameRange     '0.2.10',
24 silly addNameRange     '0.2.11',
24 silly addNameRange     '0.2.12',
24 silly addNameRange     '0.2.13',
24 silly addNameRange     '0.2.14',
24 silly addNameRange     '0.2.15',
24 silly addNameRange     '0.3.0',
24 silly addNameRange     '0.3.1',
24 silly addNameRange     '0.3.2',
24 silly addNameRange     '0.3.3',
24 silly addNameRange     '0.3.4',
24 silly addNameRange     '0.3.5',
24 silly addNameRange     '0.3.6',
24 silly addNameRange     '0.3.7',
24 silly addNameRange     '0.3.8',
24 silly addNameRange     '0.3.9',
24 silly addNameRange     '0.3.10',
24 silly addNameRange     '0.3.11',
24 silly addNameRange     '0.3.12',
24 silly addNameRange     '0.3.13',
24 silly addNameRange     '0.3.14',
24 silly addNameRange     '0.3.15',
24 silly addNameRange     '0.3.16',
24 silly addNameRange     '0.3.17',
24 silly addNameRange     '0.4.0',
24 silly addNameRange     '0.4.1',
24 silly addNameRange     '0.4.2',
24 silly addNameRange     '0.4.3',
24 silly addNameRange     '0.4.4',
24 silly addNameRange     '0.4.5',
24 silly addNameRange     '0.3.13-a',
24 silly addNameRange     '0.4.0-a',
24 silly addNameRange     '0.4.0-rc1',
24 silly addNameRange     '0.4.0-rc2',
24 silly addNameRange     '0.4.0-rc3',
24 silly addNameRange     '0.4.0-rc4',
24 silly addNameRange     '0.4.0-rc5',
24 silly addNameRange     '0.4.0-rc6',
24 silly addNameRange     '0.4.0-rc7',
24 silly addNameRange     '0.4.0-rc8' ] ]
25 verbose addNamed grunt@0.4.5
26 silly addNamed semver.valid 0.4.5
27 silly addNamed semver.validRange 0.4.5
28 silly mapToRegistry name grunt
29 silly mapToRegistry using default registry
30 silly mapToRegistry registry https://registry.npmjs.org/
31 silly mapToRegistry uri https://registry.npmjs.org/grunt
32 verbose addRemoteTarball https://registry.npmjs.org/grunt/-/grunt-0.4.5.tgz not in flight; adding
33 verbose addRemoteTarball [ 'https://registry.npmjs.org/grunt/-/grunt-0.4.5.tgz',
33 verbose addRemoteTarball   '56937cd5194324adff6d207631832a9d6ba4e7f0' ]
34 info retry fetch attempt 1 at 00:37:47
35 info attempt registry request try #1 at 00:37:47
36 http fetch GET https://registry.npmjs.org/grunt/-/grunt-0.4.5.tgz
37 http fetch 200 https://registry.npmjs.org/grunt/-/grunt-0.4.5.tgz
38 silly fetchAndShaCheck shasum 56937cd5194324adff6d207631832a9d6ba4e7f0
39 verbose addTmpTarball /tmp/npm-24226-a0bee5b5/registry.npmjs.org/grunt/-/grunt-0.4.5.tgz not in flight; adding
40 verbose addTmpTarball already have metadata; skipping unpack for grunt@0.4.5
41 silly cache afterAdd grunt@0.4.5
42 verbose afterAdd /home/stone-joe/.npm/grunt/0.4.5/package/package.json not in flight; writing
43 verbose afterAdd /home/stone-joe/.npm/grunt/0.4.5/package/package.json written
44 silly install resolved [ { name: 'grunt',
44 silly install resolved     description: 'The JavaScript Task Runner',
44 silly install resolved     version: '0.4.5',
44 silly install resolved     author: { name: '"Cowboy" Ben Alman', url: 'http://benalman.com/' },
44 silly install resolved     homepage: 'http://gruntjs.com/',
44 silly install resolved     repository: { type: 'git', url: 'git://github.com/gruntjs/grunt.git' },
44 silly install resolved     bugs: { url: 'http://github.com/gruntjs/grunt/issues' },
44 silly install resolved     licenses: [ [Object] ],
44 silly install resolved     main: 'lib/grunt',
44 silly install resolved     scripts: { test: 'grunt test' },
44 silly install resolved     engines: { node: '>= 0.8.0' },
44 silly install resolved     keywords:
44 silly install resolved      [ 'task',
44 silly install resolved        'async',
44 silly install resolved        'cli',
44 silly install resolved        'minify',
44 silly install resolved        'uglify',
44 silly install resolved        'build',
44 silly install resolved        'lodash',
44 silly install resolved        'unit',
44 silly install resolved        'test',
44 silly install resolved        'qunit',
44 silly install resolved        'nodeunit',
44 silly install resolved        'server',
44 silly install resolved        'init',
44 silly install resolved        'scaffold',
44 silly install resolved        'make',
44 silly install resolved        'jake',
44 silly install resolved        'tool' ],
44 silly install resolved     dependencies:
44 silly install resolved      { async: '~0.1.22',
44 silly install resolved        'coffee-script': '~1.3.3',
44 silly install resolved        colors: '~0.6.2',
44 silly install resolved        dateformat: '1.0.2-1.2.3',
44 silly install resolved        eventemitter2: '~0.4.13',
44 silly install resolved        'findup-sync': '~0.1.2',
44 silly install resolved        glob: '~3.1.21',
44 silly install resolved        hooker: '~0.2.3',
44 silly install resolved        'iconv-lite': '~0.2.11',
44 silly install resolved        minimatch: '~0.2.12',
44 silly install resolved        nopt: '~1.0.10',
44 silly install resolved        rimraf: '~2.2.8',
44 silly install resolved        lodash: '~0.9.2',
44 silly install resolved        'underscore.string': '~2.2.1',
44 silly install resolved        which: '~1.0.5',
44 silly install resolved        'js-yaml': '~2.0.5',
44 silly install resolved        exit: '~0.1.1',
44 silly install resolved        getobject: '~0.1.0',
44 silly install resolved        'grunt-legacy-util': '~0.2.0',
44 silly install resolved        'grunt-legacy-log': '~0.1.0' },
44 silly install resolved     devDependencies:
44 silly install resolved      { temporary: '~0.0.4',
44 silly install resolved        'grunt-contrib-jshint': '~0.6.4',
44 silly install resolved        'grunt-contrib-nodeunit': '~0.2.0',
44 silly install resolved        'grunt-contrib-watch': '~0.5.3',
44 silly install resolved        difflet: '~0.2.3',
44 silly install resolved        semver: '2.1.0',
44 silly install resolved        shelljs: '~0.2.5' },
44 silly install resolved     _id: 'grunt@0.4.5',
44 silly install resolved     dist:
44 silly install resolved      { shasum: '56937cd5194324adff6d207631832a9d6ba4e7f0',
44 silly install resolved        tarball: 'http://registry.npmjs.org/grunt/-/grunt-0.4.5.tgz' },
44 silly install resolved     _from: 'grunt@*',
44 silly install resolved     _npmVersion: '1.4.4',
44 silly install resolved     _npmUser: { name: 'cowboy', email: 'cowboy@rj3.net' },
44 silly install resolved     maintainers: [ [Object], [Object] ],
44 silly install resolved     directories: {},
44 silly install resolved     _shasum: '56937cd5194324adff6d207631832a9d6ba4e7f0',
44 silly install resolved     _resolved: 'https://registry.npmjs.org/grunt/-/grunt-0.4.5.tgz' } ]
45 info install grunt@0.4.5 into /usr/lib
46 info installOne grunt@0.4.5
47 verbose installOne of grunt to /usr/lib not in flight; installing
48 verbose lock using /home/stone-joe/.npm/_locks/grunt-20d0b752d1cbfb4b.lock for /usr/lib/node_modules/grunt
49 silly install write writing grunt 0.4.5 to /usr/lib/node_modules/grunt
50 silly cache addNamed cb grunt@0.4.5
51 verbose unbuild lib/node_modules/grunt
52 info preuninstall grunt@0.4.5
53 info uninstall grunt@0.4.5
54 verbose unbuild rmStuff grunt@0.4.5 from /usr/lib/node_modules
55 info postuninstall grunt@0.4.5
56 verbose gentlyRm vacuuming /usr/lib/node_modules/grunt
57 silly gentlyRm purging /usr/lib/node_modules/grunt
58 verbose unlock done using /home/stone-joe/.npm/_locks/grunt-20d0b752d1cbfb4b.lock for /usr/lib/node_modules/grunt
59 verbose stack Error: EACCES, unlink '/usr/lib/node_modules/grunt'
60 verbose cwd /root/Downloads/weather-notification/app
61 error Linux 3.8.11
62 error argv "/usr/bin/node" "/bin/npm" "install" "-g" "grunt"
63 error node v0.10.33
64 error npm  v2.1.8
65 error path /usr/lib/node_modules/grunt
66 error code EACCES
67 error errno 3
68 error Error: EACCES, unlink '/usr/lib/node_modules/grunt'
68 error  { [Error: EACCES, unlink '/usr/lib/node_modules/grunt'] errno: 3, code: 'EACCES', path: '/usr/lib/node_modules/grunt' }
69 error Please try running this command again as root/Administrator.
70 verbose exit [ 3, true ]
71 verbose unbuild lib/node_modules/grunt
72 info preuninstall grunt@0.4.5
73 info uninstall grunt@0.4.5
74 verbose unbuild rmStuff grunt@0.4.5 from /usr/lib/node_modules
75 info postuninstall grunt@0.4.5
76 verbose gentlyRm vacuuming /usr/lib/node_modules/grunt
77 silly gentlyRm purging /usr/lib/node_modules/grunt
78 error error rolling back Error: EACCES, unlink '/usr/lib/node_modules/grunt'
78 error error rolling back  { [Error: EACCES, unlink '/usr/lib/node_modules/grunt'] errno: 3, code: 'EACCES', path: '/usr/lib/node_modules/grunt' }
